C:\USERS\BEN\DOCUMENTS\VISUAL STUDIO 2012\PROJECTS\CO2411ASSIGNMENT\DLL_SORT\DEBUG\DLL_SORT.PCH
C:\USERS\BEN\DOCUMENTS\VISUAL STUDIO 2012\PROJECTS\CO2411ASSIGNMENT\DLL_SORT\DEBUG\STDAFX.OBJ
C:\USERS\BEN\DOCUMENTS\VISUAL STUDIO 2012\PROJECTS\CO2411ASSIGNMENT\DLL_SORT\DEBUG\STDAFX.ASM
C:\USERS\BEN\DOCUMENTS\VISUAL STUDIO 2012\PROJECTS\CO2411ASSIGNMENT\DLL_SORT\DEBUG\VC110.PDB
C:\USERS\BEN\DOCUMENTS\VISUAL STUDIO 2012\PROJECTS\CO2411ASSIGNMENT\DLL_SORT\DEBUG\DLLMAIN.OBJ
C:\USERS\BEN\DOCUMENTS\VISUAL STUDIO 2012\PROJECTS\CO2411ASSIGNMENT\DLL_SORT\DEBUG\DLLMAIN.ASM
C:\USERS\BEN\DOCUMENTS\VISUAL STUDIO 2012\PROJECTS\CO2411ASSIGNMENT\DLL_SORT\DEBUG\DLL_SORT.OBJ
C:\USERS\BEN\DOCUMENTS\VISUAL STUDIO 2012\PROJECTS\CO2411ASSIGNMENT\DLL_SORT\DEBUG\DLL_SORT.ASM
C:\Users\Ben\Documents\Visual Studio 2012\Projects\CO2411Assignment\Debug\dll_Sort.lib
C:\Users\Ben\Documents\Visual Studio 2012\Projects\CO2411Assignment\Debug\dll_Sort.exp
C:\USERS\BEN\DOCUMENTS\VISUAL STUDIO 2012\PROJECTS\CO2411ASSIGNMENT\DEBUG\DLL_SORT.ILK
C:\USERS\BEN\DOCUMENTS\VISUAL STUDIO 2012\PROJECTS\CO2411ASSIGNMENT\DEBUG\DLL_SORT.DLL
C:\USERS\BEN\DOCUMENTS\VISUAL STUDIO 2012\PROJECTS\CO2411ASSIGNMENT\DEBUG\DLL_SORT.PDB
C:\Users\Ben\Documents\Visual Studio 2012\Projects\CO2411Assignment\dll_Sort\Debug\dllmain.obj
C:\Users\Ben\Documents\Visual Studio 2012\Projects\CO2411Assignment\dll_Sort\Debug\dll_Sort.obj
C:\Users\Ben\Documents\Visual Studio 2012\Projects\CO2411Assignment\dll_Sort\Debug\stdafx.obj
C:\Users\Ben\Documents\Visual Studio 2012\Projects\CO2411Assignment\dll_Sort\Debug\cl.command.1.tlog
C:\Users\Ben\Documents\Visual Studio 2012\Projects\CO2411Assignment\dll_Sort\Debug\CL.read.1.tlog
C:\Users\Ben\Documents\Visual Studio 2012\Projects\CO2411Assignment\dll_Sort\Debug\CL.read.2.tlog
C:\Users\Ben\Documents\Visual Studio 2012\Projects\CO2411Assignment\dll_Sort\Debug\CL.read.3.tlog
C:\Users\Ben\Documents\Visual Studio 2012\Projects\CO2411Assignment\dll_Sort\Debug\CL.read.4.tlog
C:\Users\Ben\Documents\Visual Studio 2012\Projects\CO2411Assignment\dll_Sort\Debug\CL.write.1.tlog
C:\Users\Ben\Documents\Visual Studio 2012\Projects\CO2411Assignment\dll_Sort\Debug\dll_Sort.write.1.tlog
C:\Users\Ben\Documents\Visual Studio 2012\Projects\CO2411Assignment\dll_Sort\Debug\link-cvtres.read.1.tlog
C:\Users\Ben\Documents\Visual Studio 2012\Projects\CO2411Assignment\dll_Sort\Debug\link-cvtres.write.1.tlog
C:\Users\Ben\Documents\Visual Studio 2012\Projects\CO2411Assignment\dll_Sort\Debug\link-rc.read.1.tlog
C:\Users\Ben\Documents\Visual Studio 2012\Projects\CO2411Assignment\dll_Sort\Debug\link-rc.write.1.tlog
C:\Users\Ben\Documents\Visual Studio 2012\Projects\CO2411Assignment\dll_Sort\Debug\link.command.1.tlog
C:\Users\Ben\Documents\Visual Studio 2012\Projects\CO2411Assignment\dll_Sort\Debug\link.read.1.tlog
C:\Users\Ben\Documents\Visual Studio 2012\Projects\CO2411Assignment\dll_Sort\Debug\link.write.1.tlog
C:\Users\Ben\Documents\Visual Studio 2012\Projects\CO2411Assignment\dll_Sort\Debug\dll_Sort.pch
C:\Users\Ben\Documents\Visual Studio 2012\Projects\CO2411Assignment\dll_Sort\Debug\vc110.idb
C:\Users\Ben\Documents\Visual Studio 2012\Projects\CO2411Assignment\dll_Sort\Debug\vc110.pdb
C:\Users\Ben\Documents\Visual Studio 2012\Projects\CO2411Assignment\Debug\dll_Sort.pdb
C:\Users\Ben\Documents\Visual Studio 2012\Projects\CO2411Assignment\Debug\dll_Sort.dll
C:\Users\Ben\Documents\Visual Studio 2012\Projects\CO2411Assignment\Debug\dll_Sort.ilk
