C:\USERS\BEN\DOCUMENTS\VISUAL STUDIO 2012\PROJECTS\CO2411ASSIGNMENT\TXT\RELEASE\DLL_TXT.PCH
C:\USERS\BEN\DOCUMENTS\VISUAL STUDIO 2012\PROJECTS\CO2411ASSIGNMENT\TXT\RELEASE\STDAFX.OBJ
C:\USERS\BEN\DOCUMENTS\VISUAL STUDIO 2012\PROJECTS\CO2411ASSIGNMENT\TXT\RELEASE\VC110.PDB
C:\USERS\BEN\DOCUMENTS\VISUAL STUDIO 2012\PROJECTS\CO2411ASSIGNMENT\TXT\RELEASE\DLLMAIN.OBJ
C:\USERS\BEN\DOCUMENTS\VISUAL STUDIO 2012\PROJECTS\CO2411ASSIGNMENT\TXT\RELEASE\TXT.OBJ
C:\Users\Ben\Documents\Visual Studio 2012\Projects\CO2411Assignment\Release\dll_TXT.lib
C:\Users\Ben\Documents\Visual Studio 2012\Projects\CO2411Assignment\Release\dll_TXT.exp
C:\USERS\BEN\DOCUMENTS\VISUAL STUDIO 2012\PROJECTS\CO2411ASSIGNMENT\RELEASE\DLL_TXT.DLL
C:\USERS\BEN\DOCUMENTS\VISUAL STUDIO 2012\PROJECTS\CO2411ASSIGNMENT\RELEASE\DLL_TXT.PDB
C:\Users\Ben\Documents\Visual Studio 2012\Projects\CO2411Assignment\txt\Release\dllmain.obj
C:\Users\Ben\Documents\Visual Studio 2012\Projects\CO2411Assignment\txt\Release\stdafx.obj
C:\Users\Ben\Documents\Visual Studio 2012\Projects\CO2411Assignment\txt\Release\txt.obj
C:\Users\Ben\Documents\Visual Studio 2012\Projects\CO2411Assignment\txt\Release\cl.command.1.tlog
C:\Users\Ben\Documents\Visual Studio 2012\Projects\CO2411Assignment\txt\Release\CL.read.1.tlog
C:\Users\Ben\Documents\Visual Studio 2012\Projects\CO2411Assignment\txt\Release\CL.write.1.tlog
C:\Users\Ben\Documents\Visual Studio 2012\Projects\CO2411Assignment\txt\Release\dll_TXT.write.1.tlog
C:\Users\Ben\Documents\Visual Studio 2012\Projects\CO2411Assignment\txt\Release\link-cvtres.read.1.tlog
C:\Users\Ben\Documents\Visual Studio 2012\Projects\CO2411Assignment\txt\Release\link-cvtres.write.1.tlog
C:\Users\Ben\Documents\Visual Studio 2012\Projects\CO2411Assignment\txt\Release\link-rc.read.1.tlog
C:\Users\Ben\Documents\Visual Studio 2012\Projects\CO2411Assignment\txt\Release\link-rc.write.1.tlog
C:\Users\Ben\Documents\Visual Studio 2012\Projects\CO2411Assignment\txt\Release\link.command.1.tlog
C:\Users\Ben\Documents\Visual Studio 2012\Projects\CO2411Assignment\txt\Release\link.read.1.tlog
C:\Users\Ben\Documents\Visual Studio 2012\Projects\CO2411Assignment\txt\Release\link.write.1.tlog
C:\Users\Ben\Documents\Visual Studio 2012\Projects\CO2411Assignment\txt\Release\dll_TXT.pch
C:\Users\Ben\Documents\Visual Studio 2012\Projects\CO2411Assignment\txt\Release\vc110.pdb
C:\Users\Ben\Documents\Visual Studio 2012\Projects\CO2411Assignment\Release\dll_TXT.pdb
C:\Users\Ben\Documents\Visual Studio 2012\Projects\CO2411Assignment\Release\dll_TXT.dll
