C:\USERS\BEN\DOCUMENTS\VISUAL STUDIO 2012\PROJECTS\CO2411ASSIGNMENT\CO2411ASSIGNMENT\RELEASE\CO2411ASSIGNMENT.PCH
C:\USERS\BEN\DOCUMENTS\VISUAL STUDIO 2012\PROJECTS\CO2411ASSIGNMENT\CO2411ASSIGNMENT\RELEASE\STDAFX.OBJ
C:\USERS\BEN\DOCUMENTS\VISUAL STUDIO 2012\PROJECTS\CO2411ASSIGNMENT\CO2411ASSIGNMENT\RELEASE\VC110.PDB
C:\USERS\BEN\DOCUMENTS\VISUAL STUDIO 2012\PROJECTS\CO2411ASSIGNMENT\CO2411ASSIGNMENT\RELEASE\CO2411ASSIGNMENT.OBJ
C:\USERS\BEN\DOCUMENTS\VISUAL STUDIO 2012\PROJECTS\CO2411ASSIGNMENT\RELEASE\CO2411ASSIGNMENT.EXE
C:\USERS\BEN\DOCUMENTS\VISUAL STUDIO 2012\PROJECTS\CO2411ASSIGNMENT\RELEASE\CO2411ASSIGNMENT.PDB
C:\Users\Ben\Documents\Visual Studio 2012\Projects\CO2411Assignment\CO2411Assignment\Release\CO2411Assignment.obj
C:\Users\Ben\Documents\Visual Studio 2012\Projects\CO2411Assignment\CO2411Assignment\Release\stdafx.obj
C:\Users\Ben\Documents\Visual Studio 2012\Projects\CO2411Assignment\CO2411Assignment\Release\cl.command.1.tlog
C:\Users\Ben\Documents\Visual Studio 2012\Projects\CO2411Assignment\CO2411Assignment\Release\CL.read.1.tlog
C:\Users\Ben\Documents\Visual Studio 2012\Projects\CO2411Assignment\CO2411Assignment\Release\CL.write.1.tlog
C:\Users\Ben\Documents\Visual Studio 2012\Projects\CO2411Assignment\CO2411Assignment\Release\link-cvtres.read.1.tlog
C:\Users\Ben\Documents\Visual Studio 2012\Projects\CO2411Assignment\CO2411Assignment\Release\link-cvtres.write.1.tlog
C:\Users\Ben\Documents\Visual Studio 2012\Projects\CO2411Assignment\CO2411Assignment\Release\link-rc.read.1.tlog
C:\Users\Ben\Documents\Visual Studio 2012\Projects\CO2411Assignment\CO2411Assignment\Release\link-rc.write.1.tlog
C:\Users\Ben\Documents\Visual Studio 2012\Projects\CO2411Assignment\CO2411Assignment\Release\link.command.1.tlog
C:\Users\Ben\Documents\Visual Studio 2012\Projects\CO2411Assignment\CO2411Assignment\Release\link.read.1.tlog
C:\Users\Ben\Documents\Visual Studio 2012\Projects\CO2411Assignment\CO2411Assignment\Release\link.write.1.tlog
C:\Users\Ben\Documents\Visual Studio 2012\Projects\CO2411Assignment\CO2411Assignment\Release\CO2411Assignment.pch
C:\Users\Ben\Documents\Visual Studio 2012\Projects\CO2411Assignment\CO2411Assignment\Release\vc110.pdb
C:\Users\Ben\Documents\Visual Studio 2012\Projects\CO2411Assignment\Release\CO2411Assignment.pdb
C:\Users\Ben\Documents\Visual Studio 2012\Projects\CO2411Assignment\Release\CO2411Assignment.exe
