C:\USERS\BEN\DOCUMENTS\VISUAL STUDIO 2012\PROJECTS\CO2411ASSIGNMENT\DLL_SORT\RELEASE\DLL_SORT.PCH
C:\USERS\BEN\DOCUMENTS\VISUAL STUDIO 2012\PROJECTS\CO2411ASSIGNMENT\DLL_SORT\RELEASE\STDAFX.OBJ
C:\USERS\BEN\DOCUMENTS\VISUAL STUDIO 2012\PROJECTS\CO2411ASSIGNMENT\DLL_SORT\RELEASE\VC110.PDB
C:\USERS\BEN\DOCUMENTS\VISUAL STUDIO 2012\PROJECTS\CO2411ASSIGNMENT\DLL_SORT\RELEASE\DLLMAIN.OBJ
C:\USERS\BEN\DOCUMENTS\VISUAL STUDIO 2012\PROJECTS\CO2411ASSIGNMENT\DLL_SORT\RELEASE\DLL_SORT.OBJ
C:\Users\Ben\Documents\Visual Studio 2012\Projects\CO2411Assignment\Release\dll_Sort.lib
C:\Users\Ben\Documents\Visual Studio 2012\Projects\CO2411Assignment\Release\dll_Sort.exp
C:\USERS\BEN\DOCUMENTS\VISUAL STUDIO 2012\PROJECTS\CO2411ASSIGNMENT\RELEASE\DLL_SORT.DLL
C:\USERS\BEN\DOCUMENTS\VISUAL STUDIO 2012\PROJECTS\CO2411ASSIGNMENT\DLL_SORT\RELEASE\DLLMAIN.ASM
C:\USERS\BEN\DOCUMENTS\VISUAL STUDIO 2012\PROJECTS\CO2411ASSIGNMENT\DLL_SORT\RELEASE\DLL_SORT.ASM
C:\USERS\BEN\DOCUMENTS\VISUAL STUDIO 2012\PROJECTS\CO2411ASSIGNMENT\DLL_SORT\RELEASE\STDAFX.ASM
C:\USERS\BEN\DOCUMENTS\VISUAL STUDIO 2012\PROJECTS\CO2411ASSIGNMENT\RELEASE\DLL_SORT.PDB
C:\Users\Ben\Documents\Visual Studio 2012\Projects\CO2411Assignment\dll_Sort\Release\dllmain.obj
C:\Users\Ben\Documents\Visual Studio 2012\Projects\CO2411Assignment\dll_Sort\Release\dll_Sort.obj
C:\Users\Ben\Documents\Visual Studio 2012\Projects\CO2411Assignment\dll_Sort\Release\stdafx.obj
C:\Users\Ben\Documents\Visual Studio 2012\Projects\CO2411Assignment\dll_Sort\Release\cl.command.1.tlog
C:\Users\Ben\Documents\Visual Studio 2012\Projects\CO2411Assignment\dll_Sort\Release\CL.read.1.tlog
C:\Users\Ben\Documents\Visual Studio 2012\Projects\CO2411Assignment\dll_Sort\Release\CL.write.1.tlog
C:\Users\Ben\Documents\Visual Studio 2012\Projects\CO2411Assignment\dll_Sort\Release\dll_Sort.write.1.tlog
C:\Users\Ben\Documents\Visual Studio 2012\Projects\CO2411Assignment\dll_Sort\Release\link-cvtres.read.1.tlog
C:\Users\Ben\Documents\Visual Studio 2012\Projects\CO2411Assignment\dll_Sort\Release\link-cvtres.write.1.tlog
C:\Users\Ben\Documents\Visual Studio 2012\Projects\CO2411Assignment\dll_Sort\Release\link-rc.read.1.tlog
C:\Users\Ben\Documents\Visual Studio 2012\Projects\CO2411Assignment\dll_Sort\Release\link-rc.write.1.tlog
C:\Users\Ben\Documents\Visual Studio 2012\Projects\CO2411Assignment\dll_Sort\Release\link.command.1.tlog
C:\Users\Ben\Documents\Visual Studio 2012\Projects\CO2411Assignment\dll_Sort\Release\link.read.1.tlog
C:\Users\Ben\Documents\Visual Studio 2012\Projects\CO2411Assignment\dll_Sort\Release\link.read.2.tlog
C:\Users\Ben\Documents\Visual Studio 2012\Projects\CO2411Assignment\dll_Sort\Release\link.read.3.tlog
C:\Users\Ben\Documents\Visual Studio 2012\Projects\CO2411Assignment\dll_Sort\Release\link.read.4.tlog
C:\Users\Ben\Documents\Visual Studio 2012\Projects\CO2411Assignment\dll_Sort\Release\link.read.5.tlog
C:\Users\Ben\Documents\Visual Studio 2012\Projects\CO2411Assignment\dll_Sort\Release\link.write.1.tlog
C:\Users\Ben\Documents\Visual Studio 2012\Projects\CO2411Assignment\dll_Sort\Release\dll_Sort.pch
C:\Users\Ben\Documents\Visual Studio 2012\Projects\CO2411Assignment\dll_Sort\Release\vc110.pdb
C:\Users\Ben\Documents\Visual Studio 2012\Projects\CO2411Assignment\Release\dll_Sort.pdb
C:\Users\Ben\Documents\Visual Studio 2012\Projects\CO2411Assignment\Release\dll_Sort.dll
