C:\USERS\BEN\DOCUMENTS\VISUAL STUDIO 2012\PROJECTS\CO2411ASSIGNMENT\CO2411ASSIGNMENT\DEBUG\CO2411ASSIGNMENT.PCH
C:\USERS\BEN\DOCUMENTS\VISUAL STUDIO 2012\PROJECTS\CO2411ASSIGNMENT\CO2411ASSIGNMENT\DEBUG\STDAFX.OBJ
C:\USERS\BEN\DOCUMENTS\VISUAL STUDIO 2012\PROJECTS\CO2411ASSIGNMENT\CO2411ASSIGNMENT\DEBUG\VC110.PDB
C:\USERS\BEN\DOCUMENTS\VISUAL STUDIO 2012\PROJECTS\CO2411ASSIGNMENT\CO2411ASSIGNMENT\DEBUG\CO2411ASSIGNMENT.OBJ
C:\USERS\BEN\DOCUMENTS\VISUAL STUDIO 2012\PROJECTS\CO2411ASSIGNMENT\DEBUG\CO2411ASSIGNMENT.ILK
C:\USERS\BEN\DOCUMENTS\VISUAL STUDIO 2012\PROJECTS\CO2411ASSIGNMENT\DEBUG\CO2411ASSIGNMENT.EXE
C:\USERS\BEN\DOCUMENTS\VISUAL STUDIO 2012\PROJECTS\CO2411ASSIGNMENT\DEBUG\CO2411ASSIGNMENT.PDB
C:\Users\Ben\Documents\Visual Studio 2012\Projects\CO2411Assignment\CO2411Assignment\Debug\CO2411Assignment.obj
C:\Users\Ben\Documents\Visual Studio 2012\Projects\CO2411Assignment\CO2411Assignment\Debug\stdafx.obj
C:\Users\Ben\Documents\Visual Studio 2012\Projects\CO2411Assignment\CO2411Assignment\Debug\cl.command.1.tlog
C:\Users\Ben\Documents\Visual Studio 2012\Projects\CO2411Assignment\CO2411Assignment\Debug\CL.read.1.tlog
C:\Users\Ben\Documents\Visual Studio 2012\Projects\CO2411Assignment\CO2411Assignment\Debug\CL.write.1.tlog
C:\Users\Ben\Documents\Visual Studio 2012\Projects\CO2411Assignment\CO2411Assignment\Debug\link-cvtres.read.1.tlog
C:\Users\Ben\Documents\Visual Studio 2012\Projects\CO2411Assignment\CO2411Assignment\Debug\link-cvtres.write.1.tlog
C:\Users\Ben\Documents\Visual Studio 2012\Projects\CO2411Assignment\CO2411Assignment\Debug\link-rc.read.1.tlog
C:\Users\Ben\Documents\Visual Studio 2012\Projects\CO2411Assignment\CO2411Assignment\Debug\link-rc.write.1.tlog
C:\Users\Ben\Documents\Visual Studio 2012\Projects\CO2411Assignment\CO2411Assignment\Debug\link.command.1.tlog
C:\Users\Ben\Documents\Visual Studio 2012\Projects\CO2411Assignment\CO2411Assignment\Debug\link.read.1.tlog
C:\Users\Ben\Documents\Visual Studio 2012\Projects\CO2411Assignment\CO2411Assignment\Debug\link.write.1.tlog
C:\Users\Ben\Documents\Visual Studio 2012\Projects\CO2411Assignment\CO2411Assignment\Debug\CO2411Assignment.pch
C:\Users\Ben\Documents\Visual Studio 2012\Projects\CO2411Assignment\CO2411Assignment\Debug\vc110.idb
C:\Users\Ben\Documents\Visual Studio 2012\Projects\CO2411Assignment\CO2411Assignment\Debug\vc110.pdb
C:\Users\Ben\Documents\Visual Studio 2012\Projects\CO2411Assignment\Debug\CO2411Assignment.pdb
C:\Users\Ben\Documents\Visual Studio 2012\Projects\CO2411Assignment\Debug\CO2411Assignment.exe
C:\Users\Ben\Documents\Visual Studio 2012\Projects\CO2411Assignment\Debug\CO2411Assignment.ilk
