C:\USERS\BEN\DOCUMENTS\VISUAL STUDIO 2012\PROJECTS\CO2411ASSIGNMENT\TXT\DEBUG\DLL_TXT.PCH
C:\USERS\BEN\DOCUMENTS\VISUAL STUDIO 2012\PROJECTS\CO2411ASSIGNMENT\TXT\DEBUG\STDAFX.OBJ
C:\USERS\BEN\DOCUMENTS\VISUAL STUDIO 2012\PROJECTS\CO2411ASSIGNMENT\TXT\DEBUG\VC110.PDB
C:\USERS\BEN\DOCUMENTS\VISUAL STUDIO 2012\PROJECTS\CO2411ASSIGNMENT\TXT\DEBUG\DLLMAIN.OBJ
C:\USERS\BEN\DOCUMENTS\VISUAL STUDIO 2012\PROJECTS\CO2411ASSIGNMENT\TXT\DEBUG\TXT.OBJ
C:\Users\Ben\Documents\Visual Studio 2012\Projects\CO2411Assignment\Debug\dll_TXT.lib
C:\Users\Ben\Documents\Visual Studio 2012\Projects\CO2411Assignment\Debug\dll_TXT.exp
C:\USERS\BEN\DOCUMENTS\VISUAL STUDIO 2012\PROJECTS\CO2411ASSIGNMENT\DEBUG\DLL_TXT.DLL
C:\USERS\BEN\DOCUMENTS\VISUAL STUDIO 2012\PROJECTS\CO2411ASSIGNMENT\DEBUG\DLL_TXT.MAP
C:\USERS\BEN\DOCUMENTS\VISUAL STUDIO 2012\PROJECTS\CO2411ASSIGNMENT\DEBUG\DLL_TXT.PDB
C:\Users\Ben\Documents\Visual Studio 2012\Projects\CO2411Assignment\txt\Debug\dllmain.obj
C:\Users\Ben\Documents\Visual Studio 2012\Projects\CO2411Assignment\txt\Debug\stdafx.obj
C:\Users\Ben\Documents\Visual Studio 2012\Projects\CO2411Assignment\txt\Debug\txt.obj
C:\Users\Ben\Documents\Visual Studio 2012\Projects\CO2411Assignment\txt\Debug\cl.command.1.tlog
C:\Users\Ben\Documents\Visual Studio 2012\Projects\CO2411Assignment\txt\Debug\CL.read.1.tlog
C:\Users\Ben\Documents\Visual Studio 2012\Projects\CO2411Assignment\txt\Debug\CL.write.1.tlog
C:\Users\Ben\Documents\Visual Studio 2012\Projects\CO2411Assignment\txt\Debug\dll_TXT.write.1.tlog
C:\Users\Ben\Documents\Visual Studio 2012\Projects\CO2411Assignment\txt\Debug\link-cvtres.read.1.tlog
C:\Users\Ben\Documents\Visual Studio 2012\Projects\CO2411Assignment\txt\Debug\link-cvtres.write.1.tlog
C:\Users\Ben\Documents\Visual Studio 2012\Projects\CO2411Assignment\txt\Debug\link-rc.read.1.tlog
C:\Users\Ben\Documents\Visual Studio 2012\Projects\CO2411Assignment\txt\Debug\link-rc.write.1.tlog
C:\Users\Ben\Documents\Visual Studio 2012\Projects\CO2411Assignment\txt\Debug\link.command.1.tlog
C:\Users\Ben\Documents\Visual Studio 2012\Projects\CO2411Assignment\txt\Debug\link.read.1.tlog
C:\Users\Ben\Documents\Visual Studio 2012\Projects\CO2411Assignment\txt\Debug\link.write.1.tlog
C:\Users\Ben\Documents\Visual Studio 2012\Projects\CO2411Assignment\txt\Debug\dll_TXT.pch
C:\Users\Ben\Documents\Visual Studio 2012\Projects\CO2411Assignment\txt\Debug\vc110.idb
C:\Users\Ben\Documents\Visual Studio 2012\Projects\CO2411Assignment\txt\Debug\vc110.pdb
C:\Users\Ben\Documents\Visual Studio 2012\Projects\CO2411Assignment\Debug\dll_TXT.pdb
C:\Users\Ben\Documents\Visual Studio 2012\Projects\CO2411Assignment\Debug\dll_TXT.dll
