C:\USERS\BEN\DOCUMENTS\VISUAL STUDIO 2012\PROJECTS\CO2411ASSIGNMENT\TXT\DEBUG\TXT.PCH
C:\USERS\BEN\DOCUMENTS\VISUAL STUDIO 2012\PROJECTS\CO2411ASSIGNMENT\TXT\DEBUG\STDAFX.OBJ
C:\USERS\BEN\DOCUMENTS\VISUAL STUDIO 2012\PROJECTS\CO2411ASSIGNMENT\TXT\DEBUG\VC110.PDB
C:\USERS\BEN\DOCUMENTS\VISUAL STUDIO 2012\PROJECTS\CO2411ASSIGNMENT\TXT\DEBUG\DLLMAIN.OBJ
C:\USERS\BEN\DOCUMENTS\VISUAL STUDIO 2012\PROJECTS\CO2411ASSIGNMENT\TXT\DEBUG\TXT.OBJ
C:\USERS\BEN\DOCUMENTS\VISUAL STUDIO 2012\PROJECTS\CO2411ASSIGNMENT\DEBUG\TXT.ILK
C:\USERS\BEN\DOCUMENTS\VISUAL STUDIO 2012\PROJECTS\CO2411ASSIGNMENT\DEBUG\TXT.DLL
C:\USERS\BEN\DOCUMENTS\VISUAL STUDIO 2012\PROJECTS\CO2411ASSIGNMENT\DEBUG\TXT.PDB
C:\Users\Ben\documents\visual studio 2012\Projects\CO2411Assignment\txt\Debug\dllmain.obj
C:\Users\Ben\documents\visual studio 2012\Projects\CO2411Assignment\txt\Debug\stdafx.obj
C:\Users\Ben\documents\visual studio 2012\Projects\CO2411Assignment\txt\Debug\txt.obj
C:\Users\Ben\documents\visual studio 2012\Projects\CO2411Assignment\txt\Debug\cl.command.1.tlog
C:\Users\Ben\documents\visual studio 2012\Projects\CO2411Assignment\txt\Debug\CL.read.1.tlog
C:\Users\Ben\documents\visual studio 2012\Projects\CO2411Assignment\txt\Debug\CL.write.1.tlog
C:\Users\Ben\documents\visual studio 2012\Projects\CO2411Assignment\txt\Debug\link-cvtres.read.1.tlog
C:\Users\Ben\documents\visual studio 2012\Projects\CO2411Assignment\txt\Debug\link-cvtres.write.1.tlog
C:\Users\Ben\documents\visual studio 2012\Projects\CO2411Assignment\txt\Debug\link-rc.read.1.tlog
C:\Users\Ben\documents\visual studio 2012\Projects\CO2411Assignment\txt\Debug\link-rc.write.1.tlog
C:\Users\Ben\documents\visual studio 2012\Projects\CO2411Assignment\txt\Debug\link.command.1.tlog
C:\Users\Ben\documents\visual studio 2012\Projects\CO2411Assignment\txt\Debug\link.read.1.tlog
C:\Users\Ben\documents\visual studio 2012\Projects\CO2411Assignment\txt\Debug\link.write.1.tlog
C:\Users\Ben\documents\visual studio 2012\Projects\CO2411Assignment\txt\Debug\txt.pch
C:\Users\Ben\documents\visual studio 2012\Projects\CO2411Assignment\txt\Debug\vc110.idb
C:\Users\Ben\documents\visual studio 2012\Projects\CO2411Assignment\txt\Debug\vc110.pdb
C:\Users\Ben\documents\visual studio 2012\Projects\CO2411Assignment\Debug\txt.pdb
C:\Users\Ben\documents\visual studio 2012\Projects\CO2411Assignment\Debug\txt.dll
C:\Users\Ben\documents\visual studio 2012\Projects\CO2411Assignment\Debug\txt.ilk
